#-----------------------------------------------------------
# Vivado v2018.3 (64-bit)
# SW Build 2405991 on Thu Dec  6 23:38:27 MST 2018
# IP Build 2404404 on Fri Dec  7 01:43:56 MST 2018
# Start of session at: Wed Nov 13 18:25:34 2019
# Process ID: 1356
# Current directory: B:/COLLEGE/19_20/Fall_19/CompE_475/ASS_6/Pipeline
# Command line: vivado.exe -gui_launcher_event rodinguilauncherevent12084 B:\COLLEGE\19_20\Fall_19\Compe_475\ASS_6\Pipeline\Pipeline.xpr
# Log file: B:/COLLEGE/19_20/Fall_19/CompE_475/ASS_6/Pipeline/vivado.log
# Journal file: B:/COLLEGE/19_20/Fall_19/CompE_475/ASS_6/Pipeline\vivado.jou
#-----------------------------------------------------------
start_gui
open_project B:/COLLEGE/19_20/Fall_19/Compe_475/ASS_6/Pipeline/Pipeline.xpr
Scanning sources...
Finished scanning sources
INFO: [IP_Flow 19-234] Refreshing IP repositories
INFO: [IP_Flow 19-1704] No user IP repositories specified
INFO: [IP_Flow 19-2313] Loaded Vivado IP repository 'C:/Xilinx.1/Vivado/2018.3/data/ip'.
open_project: Time (s): cpu = 00:00:16 ; elapsed = 00:00:32 . Memory (MB): peak = 663.055 ; gain = 94.941
update_compile_order -fileset sources_1
WARNING: [filemgmt 56-199] Attempt to get parsing info during refresh. "On-the-fly" syntax checking information may be incorrect. [B:/COLLEGE/19_20/Fall_19/Compe_475/ASS_6/Pipeline/Pipeline.srcs/sources_1/new/data_memory.v:]
WARNING: [filemgmt 56-199] Attempt to get parsing info during refresh. "On-the-fly" syntax checking information may be incorrect. [B:/COLLEGE/19_20/Fall_19/Compe_475/ASS_6/Pipeline/Pipeline.srcs/sources_1/new/and0.v:]
WARNING: [filemgmt 56-199] Attempt to get parsing info during refresh. "On-the-fly" syntax checking information may be incorrect. [B:/COLLEGE/19_20/Fall_19/Compe_475/ASS_6/Pipeline/Pipeline.srcs/sources_1/new/control_unit.v:]
WARNING: [filemgmt 56-199] Attempt to get parsing info during refresh. "On-the-fly" syntax checking information may be incorrect. [B:/COLLEGE/19_20/Fall_19/Compe_475/ASS_6/Pipeline/Pipeline.srcs/sources_1/new/mux2.v:]
WARNING: [filemgmt 56-199] Attempt to get parsing info during refresh. "On-the-fly" syntax checking information may be incorrect. [B:/COLLEGE/19_20/Fall_19/Compe_475/ASS_6/Pipeline/Pipeline.srcs/sources_1/new/mux3.v:]
WARNING: [filemgmt 56-199] Attempt to get parsing info during refresh. "On-the-fly" syntax checking information may be incorrect. [B:/COLLEGE/19_20/Fall_19/Compe_475/ASS_6/Pipeline/Pipeline.srcs/sources_1/new/mux0.v:]
WARNING: [filemgmt 56-199] Attempt to get parsing info during refresh. "On-the-fly" syntax checking information may be incorrect. [B:/COLLEGE/19_20/Fall_19/Compe_475/ASS_6/Pipeline/Pipeline.srcs/sources_1/new/mux1.v:]
WARNING: [filemgmt 56-199] Attempt to get parsing info during refresh. "On-the-fly" syntax checking information may be incorrect. [B:/COLLEGE/19_20/Fall_19/Compe_475/ASS_6/Pipeline/Pipeline.srcs/sources_1/new/mux6.v:]
WARNING: [filemgmt 56-199] Attempt to get parsing info during refresh. "On-the-fly" syntax checking information may be incorrect. [B:/COLLEGE/19_20/Fall_19/Compe_475/ASS_6/Pipeline/Pipeline.srcs/sources_1/new/mux7.v:]
WARNING: [filemgmt 56-199] Attempt to get parsing info during refresh. "On-the-fly" syntax checking information may be incorrect. [B:/COLLEGE/19_20/Fall_19/Compe_475/ASS_6/Pipeline/Pipeline.srcs/sources_1/new/mux4.v:]
WARNING: [filemgmt 56-199] Attempt to get parsing info during refresh. "On-the-fly" syntax checking information may be incorrect. [B:/COLLEGE/19_20/Fall_19/Compe_475/ASS_6/Pipeline/Pipeline.srcs/sources_1/new/or0.v:]
WARNING: [filemgmt 56-199] Attempt to get parsing info during refresh. "On-the-fly" syntax checking information may be incorrect. [B:/COLLEGE/19_20/Fall_19/Compe_475/ASS_6/Pipeline/Pipeline.srcs/sources_1/new/mux5.v:]
WARNING: [filemgmt 56-199] Attempt to get parsing info during refresh. "On-the-fly" syntax checking information may be incorrect. [B:/COLLEGE/19_20/Fall_19/Compe_475/ASS_6/Pipeline/Pipeline.srcs/sources_1/new/pipeline2.v:]
WARNING: [filemgmt 56-199] Attempt to get parsing info during refresh. "On-the-fly" syntax checking information may be incorrect. [B:/COLLEGE/19_20/Fall_19/Compe_475/ASS_6/Pipeline/Pipeline.srcs/sources_1/new/pipeline3.v:]
WARNING: [filemgmt 56-199] Attempt to get parsing info during refresh. "On-the-fly" syntax checking information may be incorrect. [B:/COLLEGE/19_20/Fall_19/Compe_475/ASS_6/Pipeline/Pipeline.srcs/sources_1/new/pipeline0.v:]
WARNING: [filemgmt 56-199] Attempt to get parsing info during refresh. "On-the-fly" syntax checking information may be incorrect. [B:/COLLEGE/19_20/Fall_19/Compe_475/ASS_6/Pipeline/Pipeline.srcs/sources_1/new/pipeline1.v:]
WARNING: [filemgmt 56-199] Attempt to get parsing info during refresh. "On-the-fly" syntax checking information may be incorrect. [B:/COLLEGE/19_20/Fall_19/Compe_475/ASS_6/Pipeline/Pipeline.srcs/sources_1/new/sign_extension.v:]
WARNING: [filemgmt 56-199] Attempt to get parsing info during refresh. "On-the-fly" syntax checking information may be incorrect. [B:/COLLEGE/19_20/Fall_19/Compe_475/ASS_6/Pipeline/Pipeline.srcs/sources_1/new/program_counter.v:]
WARNING: [filemgmt 56-199] Attempt to get parsing info during refresh. "On-the-fly" syntax checking information may be incorrect. [B:/COLLEGE/19_20/Fall_19/Compe_475/ASS_6/Pipeline/Pipeline.srcs/sources_1/new/instruction_memory.v:]
WARNING: [filemgmt 56-199] Attempt to get parsing info during refresh. "On-the-fly" syntax checking information may be incorrect. [B:/COLLEGE/19_20/Fall_19/Compe_475/ASS_6/Pipeline/Pipeline.srcs/sources_1/new/register_file.v:]
WARNING: [filemgmt 56-199] Attempt to get parsing info during refresh. "On-the-fly" syntax checking information may be incorrect. [B:/COLLEGE/19_20/Fall_19/Compe_475/ASS_6/Pipeline/Pipeline.srcs/sources_1/new/adder0.v:]
WARNING: [filemgmt 56-199] Attempt to get parsing info during refresh. "On-the-fly" syntax checking information may be incorrect. [B:/COLLEGE/19_20/Fall_19/Compe_475/ASS_6/Pipeline/Pipeline.srcs/sources_1/new/adder1.v:]
WARNING: [filemgmt 56-199] Attempt to get parsing info during refresh. "On-the-fly" syntax checking information may be incorrect. [B:/COLLEGE/19_20/Fall_19/Compe_475/ASS_6/Pipeline/Pipeline.srcs/sources_1/new/concat0.v:]
WARNING: [filemgmt 56-199] Attempt to get parsing info during refresh. "On-the-fly" syntax checking information may be incorrect. [B:/COLLEGE/19_20/Fall_19/Compe_475/ASS_6/Pipeline/Pipeline.srcs/sources_1/new/comparator0.v:]
WARNING: [filemgmt 56-199] Attempt to get parsing info during refresh. "On-the-fly" syntax checking information may be incorrect. [B:/COLLEGE/19_20/Fall_19/Compe_475/ASS_6/Pipeline/Pipeline.srcs/sources_1/new/top_module.v:]
WARNING: [filemgmt 56-199] Attempt to get parsing info during refresh. "On-the-fly" syntax checking information may be incorrect. [B:/COLLEGE/19_20/Fall_19/Compe_475/ASS_6/Pipeline/Pipeline.srcs/sources_1/new/alu.v:]
WARNING: [filemgmt 56-199] Attempt to get parsing info during refresh. "On-the-fly" syntax checking information may be incorrect. [B:/COLLEGE/19_20/Fall_19/Compe_475/ASS_6/Pipeline/Pipeline.srcs/sources_1/new/hazard_unit.v:]
WARNING: [filemgmt 56-199] Attempt to get parsing info during refresh. "On-the-fly" syntax checking information may be incorrect. [B:/COLLEGE/19_20/Fall_19/Compe_475/ASS_6/Pipeline/Pipeline.srcs/sources_1/new/data_memory.v:]
WARNING: [filemgmt 56-199] Attempt to get parsing info during refresh. "On-the-fly" syntax checking information may be incorrect. [B:/COLLEGE/19_20/Fall_19/Compe_475/ASS_6/Pipeline/Pipeline.srcs/sources_1/new/and0.v:]
WARNING: [filemgmt 56-199] Attempt to get parsing info during refresh. "On-the-fly" syntax checking information may be incorrect. [B:/COLLEGE/19_20/Fall_19/Compe_475/ASS_6/Pipeline/Pipeline.srcs/sources_1/new/control_unit.v:]
WARNING: [filemgmt 56-199] Attempt to get parsing info during refresh. "On-the-fly" syntax checking information may be incorrect. [B:/COLLEGE/19_20/Fall_19/Compe_475/ASS_6/Pipeline/Pipeline.srcs/sources_1/new/mux2.v:]
WARNING: [filemgmt 56-199] Attempt to get parsing info during refresh. "On-the-fly" syntax checking information may be incorrect. [B:/COLLEGE/19_20/Fall_19/Compe_475/ASS_6/Pipeline/Pipeline.srcs/sources_1/new/mux3.v:]
WARNING: [filemgmt 56-199] Attempt to get parsing info during refresh. "On-the-fly" syntax checking information may be incorrect. [B:/COLLEGE/19_20/Fall_19/Compe_475/ASS_6/Pipeline/Pipeline.srcs/sources_1/new/mux0.v:]
WARNING: [filemgmt 56-199] Attempt to get parsing info during refresh. "On-the-fly" syntax checking information may be incorrect. [B:/COLLEGE/19_20/Fall_19/Compe_475/ASS_6/Pipeline/Pipeline.srcs/sources_1/new/mux1.v:]
WARNING: [filemgmt 56-199] Attempt to get parsing info during refresh. "On-the-fly" syntax checking information may be incorrect. [B:/COLLEGE/19_20/Fall_19/Compe_475/ASS_6/Pipeline/Pipeline.srcs/sources_1/new/mux6.v:]
WARNING: [filemgmt 56-199] Attempt to get parsing info during refresh. "On-the-fly" syntax checking information may be incorrect. [B:/COLLEGE/19_20/Fall_19/Compe_475/ASS_6/Pipeline/Pipeline.srcs/sources_1/new/mux7.v:]
WARNING: [filemgmt 56-199] Attempt to get parsing info during refresh. "On-the-fly" syntax checking information may be incorrect. [B:/COLLEGE/19_20/Fall_19/Compe_475/ASS_6/Pipeline/Pipeline.srcs/sources_1/new/mux4.v:]
WARNING: [filemgmt 56-199] Attempt to get parsing info during refresh. "On-the-fly" syntax checking information may be incorrect. [B:/COLLEGE/19_20/Fall_19/Compe_475/ASS_6/Pipeline/Pipeline.srcs/sources_1/new/or0.v:]
WARNING: [filemgmt 56-199] Attempt to get parsing info during refresh. "On-the-fly" syntax checking information may be incorrect. [B:/COLLEGE/19_20/Fall_19/Compe_475/ASS_6/Pipeline/Pipeline.srcs/sources_1/new/mux5.v:]
WARNING: [filemgmt 56-199] Attempt to get parsing info during refresh. "On-the-fly" syntax checking information may be incorrect. [B:/COLLEGE/19_20/Fall_19/Compe_475/ASS_6/Pipeline/Pipeline.srcs/sources_1/new/pipeline2.v:]
WARNING: [filemgmt 56-199] Attempt to get parsing info during refresh. "On-the-fly" syntax checking information may be incorrect. [B:/COLLEGE/19_20/Fall_19/Compe_475/ASS_6/Pipeline/Pipeline.srcs/sources_1/new/pipeline3.v:]
WARNING: [filemgmt 56-199] Attempt to get parsing info during refresh. "On-the-fly" syntax checking information may be incorrect. [B:/COLLEGE/19_20/Fall_19/Compe_475/ASS_6/Pipeline/Pipeline.srcs/sources_1/new/pipeline0.v:]
WARNING: [filemgmt 56-199] Attempt to get parsing info during refresh. "On-the-fly" syntax checking information may be incorrect. [B:/COLLEGE/19_20/Fall_19/Compe_475/ASS_6/Pipeline/Pipeline.srcs/sources_1/new/pipeline1.v:]
WARNING: [filemgmt 56-199] Attempt to get parsing info during refresh. "On-the-fly" syntax checking information may be incorrect. [B:/COLLEGE/19_20/Fall_19/Compe_475/ASS_6/Pipeline/Pipeline.srcs/sources_1/new/sign_extension.v:]
WARNING: [filemgmt 56-199] Attempt to get parsing info during refresh. "On-the-fly" syntax checking information may be incorrect. [B:/COLLEGE/19_20/Fall_19/Compe_475/ASS_6/Pipeline/Pipeline.srcs/sources_1/new/program_counter.v:]
WARNING: [filemgmt 56-199] Attempt to get parsing info during refresh. "On-the-fly" syntax checking information may be incorrect. [B:/COLLEGE/19_20/Fall_19/Compe_475/ASS_6/Pipeline/Pipeline.srcs/sources_1/new/instruction_memory.v:]
WARNING: [filemgmt 56-199] Attempt to get parsing info during refresh. "On-the-fly" syntax checking information may be incorrect. [B:/COLLEGE/19_20/Fall_19/Compe_475/ASS_6/Pipeline/Pipeline.srcs/sources_1/new/register_file.v:]
WARNING: [filemgmt 56-199] Attempt to get parsing info during refresh. "On-the-fly" syntax checking information may be incorrect. [B:/COLLEGE/19_20/Fall_19/Compe_475/ASS_6/Pipeline/Pipeline.srcs/sources_1/new/adder0.v:]
WARNING: [filemgmt 56-199] Attempt to get parsing info during refresh. "On-the-fly" syntax checking information may be incorrect. [B:/COLLEGE/19_20/Fall_19/Compe_475/ASS_6/Pipeline/Pipeline.srcs/sources_1/new/adder1.v:]
WARNING: [filemgmt 56-199] Attempt to get parsing info during refresh. "On-the-fly" syntax checking information may be incorrect. [B:/COLLEGE/19_20/Fall_19/Compe_475/ASS_6/Pipeline/Pipeline.srcs/sources_1/new/concat0.v:]
WARNING: [filemgmt 56-199] Attempt to get parsing info during refresh. "On-the-fly" syntax checking information may be incorrect. [B:/COLLEGE/19_20/Fall_19/Compe_475/ASS_6/Pipeline/Pipeline.srcs/sources_1/new/comparator0.v:]
WARNING: [filemgmt 56-199] Attempt to get parsing info during refresh. "On-the-fly" syntax checking information may be incorrect. [B:/COLLEGE/19_20/Fall_19/Compe_475/ASS_6/Pipeline/Pipeline.srcs/sources_1/new/top_module.v:]
WARNING: [filemgmt 56-199] Attempt to get parsing info during refresh. "On-the-fly" syntax checking information may be incorrect. [B:/COLLEGE/19_20/Fall_19/Compe_475/ASS_6/Pipeline/Pipeline.srcs/sources_1/new/alu.v:]
WARNING: [filemgmt 56-199] Attempt to get parsing info during refresh. "On-the-fly" syntax checking information may be incorrect. [B:/COLLEGE/19_20/Fall_19/Compe_475/ASS_6/Pipeline/Pipeline.srcs/sources_1/new/hazard_unit.v:]
WARNING: [filemgmt 56-199] Attempt to get parsing info during refresh. "On-the-fly" syntax checking information may be incorrect. [B:/COLLEGE/19_20/Fall_19/Compe_475/ASS_6/Pipeline/Pipeline.srcs/sources_1/new/data_memory.v:]
WARNING: [filemgmt 56-199] Attempt to get parsing info during refresh. "On-the-fly" syntax checking information may be incorrect. [B:/COLLEGE/19_20/Fall_19/Compe_475/ASS_6/Pipeline/Pipeline.srcs/sources_1/new/and0.v:]
WARNING: [filemgmt 56-199] Attempt to get parsing info during refresh. "On-the-fly" syntax checking information may be incorrect. [B:/COLLEGE/19_20/Fall_19/Compe_475/ASS_6/Pipeline/Pipeline.srcs/sources_1/new/control_unit.v:]
WARNING: [filemgmt 56-199] Attempt to get parsing info during refresh. "On-the-fly" syntax checking information may be incorrect. [B:/COLLEGE/19_20/Fall_19/Compe_475/ASS_6/Pipeline/Pipeline.srcs/sources_1/new/mux2.v:]
WARNING: [filemgmt 56-199] Attempt to get parsing info during refresh. "On-the-fly" syntax checking information may be incorrect. [B:/COLLEGE/19_20/Fall_19/Compe_475/ASS_6/Pipeline/Pipeline.srcs/sources_1/new/mux3.v:]
WARNING: [filemgmt 56-199] Attempt to get parsing info during refresh. "On-the-fly" syntax checking information may be incorrect. [B:/COLLEGE/19_20/Fall_19/Compe_475/ASS_6/Pipeline/Pipeline.srcs/sources_1/new/mux0.v:]
WARNING: [filemgmt 56-199] Attempt to get parsing info during refresh. "On-the-fly" syntax checking information may be incorrect. [B:/COLLEGE/19_20/Fall_19/Compe_475/ASS_6/Pipeline/Pipeline.srcs/sources_1/new/mux1.v:]
WARNING: [filemgmt 56-199] Attempt to get parsing info during refresh. "On-the-fly" syntax checking information may be incorrect. [B:/COLLEGE/19_20/Fall_19/Compe_475/ASS_6/Pipeline/Pipeline.srcs/sources_1/new/mux6.v:]
WARNING: [filemgmt 56-199] Attempt to get parsing info during refresh. "On-the-fly" syntax checking information may be incorrect. [B:/COLLEGE/19_20/Fall_19/Compe_475/ASS_6/Pipeline/Pipeline.srcs/sources_1/new/mux7.v:]
WARNING: [filemgmt 56-199] Attempt to get parsing info during refresh. "On-the-fly" syntax checking information may be incorrect. [B:/COLLEGE/19_20/Fall_19/Compe_475/ASS_6/Pipeline/Pipeline.srcs/sources_1/new/mux4.v:]
WARNING: [filemgmt 56-199] Attempt to get parsing info during refresh. "On-the-fly" syntax checking information may be incorrect. [B:/COLLEGE/19_20/Fall_19/Compe_475/ASS_6/Pipeline/Pipeline.srcs/sources_1/new/or0.v:]
WARNING: [filemgmt 56-199] Attempt to get parsing info during refresh. "On-the-fly" syntax checking information may be incorrect. [B:/COLLEGE/19_20/Fall_19/Compe_475/ASS_6/Pipeline/Pipeline.srcs/sources_1/new/mux5.v:]
WARNING: [filemgmt 56-199] Attempt to get parsing info during refresh. "On-the-fly" syntax checking information may be incorrect. [B:/COLLEGE/19_20/Fall_19/Compe_475/ASS_6/Pipeline/Pipeline.srcs/sources_1/new/pipeline2.v:]
WARNING: [filemgmt 56-199] Attempt to get parsing info during refresh. "On-the-fly" syntax checking information may be incorrect. [B:/COLLEGE/19_20/Fall_19/Compe_475/ASS_6/Pipeline/Pipeline.srcs/sources_1/new/pipeline3.v:]
WARNING: [filemgmt 56-199] Attempt to get parsing info during refresh. "On-the-fly" syntax checking information may be incorrect. [B:/COLLEGE/19_20/Fall_19/Compe_475/ASS_6/Pipeline/Pipeline.srcs/sources_1/new/pipeline0.v:]
WARNING: [filemgmt 56-199] Attempt to get parsing info during refresh. "On-the-fly" syntax checking information may be incorrect. [B:/COLLEGE/19_20/Fall_19/Compe_475/ASS_6/Pipeline/Pipeline.srcs/sources_1/new/pipeline1.v:]
WARNING: [filemgmt 56-199] Attempt to get parsing info during refresh. "On-the-fly" syntax checking information may be incorrect. [B:/COLLEGE/19_20/Fall_19/Compe_475/ASS_6/Pipeline/Pipeline.srcs/sources_1/new/sign_extension.v:]
WARNING: [filemgmt 56-199] Attempt to get parsing info during refresh. "On-the-fly" syntax checking information may be incorrect. [B:/COLLEGE/19_20/Fall_19/Compe_475/ASS_6/Pipeline/Pipeline.srcs/sources_1/new/program_counter.v:]
WARNING: [filemgmt 56-199] Attempt to get parsing info during refresh. "On-the-fly" syntax checking information may be incorrect. [B:/COLLEGE/19_20/Fall_19/Compe_475/ASS_6/Pipeline/Pipeline.srcs/sources_1/new/instruction_memory.v:]
WARNING: [filemgmt 56-199] Attempt to get parsing info during refresh. "On-the-fly" syntax checking information may be incorrect. [B:/COLLEGE/19_20/Fall_19/Compe_475/ASS_6/Pipeline/Pipeline.srcs/sources_1/new/register_file.v:]
WARNING: [filemgmt 56-199] Attempt to get parsing info during refresh. "On-the-fly" syntax checking information may be incorrect. [B:/COLLEGE/19_20/Fall_19/Compe_475/ASS_6/Pipeline/Pipeline.srcs/sources_1/new/adder0.v:]
WARNING: [filemgmt 56-199] Attempt to get parsing info during refresh. "On-the-fly" syntax checking information may be incorrect. [B:/COLLEGE/19_20/Fall_19/Compe_475/ASS_6/Pipeline/Pipeline.srcs/sources_1/new/adder1.v:]
WARNING: [filemgmt 56-199] Attempt to get parsing info during refresh. "On-the-fly" syntax checking information may be incorrect. [B:/COLLEGE/19_20/Fall_19/Compe_475/ASS_6/Pipeline/Pipeline.srcs/sources_1/new/concat0.v:]
WARNING: [filemgmt 56-199] Attempt to get parsing info during refresh. "On-the-fly" syntax checking information may be incorrect. [B:/COLLEGE/19_20/Fall_19/Compe_475/ASS_6/Pipeline/Pipeline.srcs/sources_1/new/comparator0.v:]
WARNING: [filemgmt 56-199] Attempt to get parsing info during refresh. "On-the-fly" syntax checking information may be incorrect. [B:/COLLEGE/19_20/Fall_19/Compe_475/ASS_6/Pipeline/Pipeline.srcs/sources_1/new/top_module.v:]
WARNING: [filemgmt 56-199] Attempt to get parsing info during refresh. "On-the-fly" syntax checking information may be incorrect. [B:/COLLEGE/19_20/Fall_19/Compe_475/ASS_6/Pipeline/Pipeline.srcs/sources_1/new/alu.v:]
WARNING: [filemgmt 56-199] Attempt to get parsing info during refresh. "On-the-fly" syntax checking information may be incorrect. [B:/COLLEGE/19_20/Fall_19/Compe_475/ASS_6/Pipeline/Pipeline.srcs/sources_1/new/hazard_unit.v:]
WARNING: [filemgmt 56-199] Attempt to get parsing info during refresh. "On-the-fly" syntax checking information may be incorrect. [B:/COLLEGE/19_20/Fall_19/Compe_475/ASS_6/Pipeline/Pipeline.srcs/sources_1/new/data_memory.v:]
WARNING: [filemgmt 56-199] Attempt to get parsing info during refresh. "On-the-fly" syntax checking information may be incorrect. [B:/COLLEGE/19_20/Fall_19/Compe_475/ASS_6/Pipeline/Pipeline.srcs/sources_1/new/and0.v:]
WARNING: [filemgmt 56-199] Attempt to get parsing info during refresh. "On-the-fly" syntax checking information may be incorrect. [B:/COLLEGE/19_20/Fall_19/Compe_475/ASS_6/Pipeline/Pipeline.srcs/sources_1/new/control_unit.v:]
WARNING: [filemgmt 56-199] Attempt to get parsing info during refresh. "On-the-fly" syntax checking information may be incorrect. [B:/COLLEGE/19_20/Fall_19/Compe_475/ASS_6/Pipeline/Pipeline.srcs/sources_1/new/mux2.v:]
WARNING: [filemgmt 56-199] Attempt to get parsing info during refresh. "On-the-fly" syntax checking information may be incorrect. [B:/COLLEGE/19_20/Fall_19/Compe_475/ASS_6/Pipeline/Pipeline.srcs/sources_1/new/mux3.v:]
WARNING: [filemgmt 56-199] Attempt to get parsing info during refresh. "On-the-fly" syntax checking information may be incorrect. [B:/COLLEGE/19_20/Fall_19/Compe_475/ASS_6/Pipeline/Pipeline.srcs/sources_1/new/mux0.v:]
WARNING: [filemgmt 56-199] Attempt to get parsing info during refresh. "On-the-fly" syntax checking information may be incorrect. [B:/COLLEGE/19_20/Fall_19/Compe_475/ASS_6/Pipeline/Pipeline.srcs/sources_1/new/mux1.v:]
WARNING: [filemgmt 56-199] Attempt to get parsing info during refresh. "On-the-fly" syntax checking information may be incorrect. [B:/COLLEGE/19_20/Fall_19/Compe_475/ASS_6/Pipeline/Pipeline.srcs/sources_1/new/mux6.v:]
WARNING: [filemgmt 56-199] Attempt to get parsing info during refresh. "On-the-fly" syntax checking information may be incorrect. [B:/COLLEGE/19_20/Fall_19/Compe_475/ASS_6/Pipeline/Pipeline.srcs/sources_1/new/mux7.v:]
WARNING: [filemgmt 56-199] Attempt to get parsing info during refresh. "On-the-fly" syntax checking information may be incorrect. [B:/COLLEGE/19_20/Fall_19/Compe_475/ASS_6/Pipeline/Pipeline.srcs/sources_1/new/mux4.v:]
WARNING: [filemgmt 56-199] Attempt to get parsing info during refresh. "On-the-fly" syntax checking information may be incorrect. [B:/COLLEGE/19_20/Fall_19/Compe_475/ASS_6/Pipeline/Pipeline.srcs/sources_1/new/or0.v:]
WARNING: [filemgmt 56-199] Attempt to get parsing info during refresh. "On-the-fly" syntax checking information may be incorrect. [B:/COLLEGE/19_20/Fall_19/Compe_475/ASS_6/Pipeline/Pipeline.srcs/sources_1/new/mux5.v:]
WARNING: [filemgmt 56-199] Attempt to get parsing info during refresh. "On-the-fly" syntax checking information may be incorrect. [B:/COLLEGE/19_20/Fall_19/Compe_475/ASS_6/Pipeline/Pipeline.srcs/sources_1/new/pipeline2.v:]
WARNING: [filemgmt 56-199] Attempt to get parsing info during refresh. "On-the-fly" syntax checking information may be incorrect. [B:/COLLEGE/19_20/Fall_19/Compe_475/ASS_6/Pipeline/Pipeline.srcs/sources_1/new/pipeline3.v:]
WARNING: [filemgmt 56-199] Attempt to get parsing info during refresh. "On-the-fly" syntax checking information may be incorrect. [B:/COLLEGE/19_20/Fall_19/Compe_475/ASS_6/Pipeline/Pipeline.srcs/sources_1/new/pipeline0.v:]
WARNING: [filemgmt 56-199] Attempt to get parsing info during refresh. "On-the-fly" syntax checking information may be incorrect. [B:/COLLEGE/19_20/Fall_19/Compe_475/ASS_6/Pipeline/Pipeline.srcs/sources_1/new/pipeline1.v:]
WARNING: [filemgmt 56-199] Attempt to get parsing info during refresh. "On-the-fly" syntax checking information may be incorrect. [B:/COLLEGE/19_20/Fall_19/Compe_475/ASS_6/Pipeline/Pipeline.srcs/sources_1/new/sign_extension.v:]
WARNING: [filemgmt 56-199] Attempt to get parsing info during refresh. "On-the-fly" syntax checking information may be incorrect. [B:/COLLEGE/19_20/Fall_19/Compe_475/ASS_6/Pipeline/Pipeline.srcs/sources_1/new/program_counter.v:]
WARNING: [filemgmt 56-199] Attempt to get parsing info during refresh. "On-the-fly" syntax checking information may be incorrect. [B:/COLLEGE/19_20/Fall_19/Compe_475/ASS_6/Pipeline/Pipeline.srcs/sources_1/new/instruction_memory.v:]
INFO: [Common 17-14] Message 'filemgmt 56-199' appears 100 times and further instances of the messages will be disabled. Use the Tcl command set_msg_config to change the current settings.
ERROR: [Common 17-180] Spawn failed: No error
ERROR: [Common 17-180] Spawn failed: No error
ERROR: [Common 17-180] Spawn failed: No error
ERROR: [Common 17-180] Spawn failed: No error
ERROR: [Common 17-180] Spawn failed: No error
ERROR: [Common 17-180] Spawn failed: No error
ERROR: [Common 17-180] Spawn failed: No error
update_compile_order -fileset sources_1
update_compile_order -fileset sources_1
update_compile_order -fileset sources_1
update_compile_order -fileset sources_1
update_compile_order -fileset sources_1
update_compile_order -fileset sources_1
exit
INFO: [Common 17-206] Exiting Vivado at Wed Nov 13 19:31:20 2019...
